<?xml version="1.0" encoding="UTF-8"?>
<testng-results ignored="0" total="22" passed="22" failed="0" skipped="0">
  <reporter-output>
  </reporter-output>
  <suite started-at="2022-03-04T07:24:48 PST" name="Test Grid" finished-at="2022-03-04T07:26:05 PST" duration-ms="77074">
    <groups>
    </groups>
    <test started-at="2022-03-04T07:24:48 PST" name="Test Node1" finished-at="2022-03-04T07:26:00 PST" duration-ms="71519">
      <class name="Grid.ChromeNode">
        <test-method is-config="true" signature="OpenBrowser()[pri:0, instance:Grid.ChromeNode@6a78afa0]" started-at="2022-03-04T07:24:48 PST" name="OpenBrowser" finished-at="2022-03-04T07:25:00 PST" duration-ms="12048" status="PASS">
          <reporter-output>
          </reporter-output>
        </test-method> <!-- OpenBrowser -->
        <test-method signature="SigninButton()[pri:0, instance:Grid.ChromeNode@6a78afa0]" started-at="2022-03-04T07:25:00 PST" name="SigninButton" finished-at="2022-03-04T07:25:06 PST" duration-ms="5797" status="PASS">
          <reporter-output>
          </reporter-output>
        </test-method> <!-- SigninButton -->
        <test-method signature="InputValidEmail()[pri:0, instance:Grid.ChromeNode@6a78afa0]" started-at="2022-03-04T07:25:06 PST" name="InputValidEmail" finished-at="2022-03-04T07:25:10 PST" depends-on-methods="Grid.ChromeNode.SigninButton" duration-ms="4158" status="PASS">
          <reporter-output>
          </reporter-output>
        </test-method> <!-- InputValidEmail -->
        <test-method signature="InputValidPassword()[pri:0, instance:Grid.ChromeNode@6a78afa0]" started-at="2022-03-04T07:25:10 PST" name="InputValidPassword" finished-at="2022-03-04T07:25:18 PST" depends-on-methods="Grid.ChromeNode.InputValidEmail" duration-ms="7916" status="PASS">
          <reporter-output>
          </reporter-output>
        </test-method> <!-- InputValidPassword -->
        <test-method signature="TestSignout()[pri:0, instance:Grid.ChromeNode@6a78afa0]" started-at="2022-03-04T07:25:18 PST" name="TestSignout" finished-at="2022-03-04T07:25:30 PST" depends-on-methods="Grid.ChromeNode.InputValidPassword" duration-ms="11730" status="PASS">
          <reporter-output>
          </reporter-output>
        </test-method> <!-- TestSignout -->
        <test-method signature="TestSavedAccount()[pri:0, instance:Grid.ChromeNode@6a78afa0]" started-at="2022-03-04T07:25:30 PST" name="TestSavedAccount" finished-at="2022-03-04T07:25:34 PST" depends-on-methods="Grid.ChromeNode.TestSignout" duration-ms="3783" status="PASS">
          <reporter-output>
          </reporter-output>
        </test-method> <!-- TestSavedAccount -->
        <test-method signature="InputWrongPassword()[pri:0, instance:Grid.ChromeNode@6a78afa0]" started-at="2022-03-04T07:25:34 PST" name="InputWrongPassword" finished-at="2022-03-04T07:25:39 PST" depends-on-methods="Grid.ChromeNode.TestSavedAccount" duration-ms="5515" status="PASS">
          <reporter-output>
          </reporter-output>
        </test-method> <!-- InputWrongPassword -->
        <test-method signature="pswrdTestErrorMessage()[pri:0, instance:Grid.ChromeNode@6a78afa0]" started-at="2022-03-04T07:25:39 PST" name="pswrdTestErrorMessage" finished-at="2022-03-04T07:25:41 PST" depends-on-methods="Grid.ChromeNode.InputWrongPassword" duration-ms="2029" status="PASS">
          <reporter-output>
          </reporter-output>
        </test-method> <!-- pswrdTestErrorMessage -->
        <test-method signature="testUseAnotherAccount()[pri:0, instance:Grid.ChromeNode@6a78afa0]" started-at="2022-03-04T07:25:41 PST" name="testUseAnotherAccount" finished-at="2022-03-04T07:25:47 PST" depends-on-methods="Grid.ChromeNode.pswrdTestErrorMessage" duration-ms="6125" status="PASS">
          <reporter-output>
          </reporter-output>
        </test-method> <!-- testUseAnotherAccount -->
        <test-method signature="testNonExistentEmail()[pri:0, instance:Grid.ChromeNode@6a78afa0]" started-at="2022-03-04T07:25:47 PST" name="testNonExistentEmail" finished-at="2022-03-04T07:25:51 PST" depends-on-methods="Grid.ChromeNode.testUseAnotherAccount" duration-ms="4137" status="PASS">
          <reporter-output>
          </reporter-output>
        </test-method> <!-- testNonExistentEmail -->
        <test-method signature="nonexistentErrorMessage()[pri:0, instance:Grid.ChromeNode@6a78afa0]" started-at="2022-03-04T07:25:51 PST" name="nonexistentErrorMessage" finished-at="2022-03-04T07:25:53 PST" depends-on-methods="Grid.ChromeNode.testNonExistentEmail" duration-ms="2030" status="PASS">
          <reporter-output>
          </reporter-output>
        </test-method> <!-- nonexistentErrorMessage -->
        <test-method signature="testonlyUsername()[pri:0, instance:Grid.ChromeNode@6a78afa0]" started-at="2022-03-04T07:25:53 PST" name="testonlyUsername" finished-at="2022-03-04T07:25:59 PST" depends-on-methods="Grid.ChromeNode.nonexistentErrorMessage" duration-ms="6144" status="PASS">
          <reporter-output>
          </reporter-output>
        </test-method> <!-- testonlyUsername -->
        <test-method is-config="true" signature="CloseBrowser()[pri:0, instance:Grid.ChromeNode@6a78afa0]" started-at="2022-03-04T07:25:59 PST" name="CloseBrowser" finished-at="2022-03-04T07:26:00 PST" duration-ms="67" status="PASS">
          <reporter-output>
          </reporter-output>
        </test-method> <!-- CloseBrowser -->
      </class> <!-- Grid.ChromeNode -->
    </test> <!-- Test Node1 -->
    <test started-at="2022-03-04T07:24:48 PST" name="Test Node2" finished-at="2022-03-04T07:26:05 PST" duration-ms="77074">
      <class name="Grid.FirefoxNode">
        <test-method is-config="true" signature="OpenBrowser()[pri:0, instance:Grid.FirefoxNode@6c40365c]" started-at="2022-03-04T07:24:48 PST" name="OpenBrowser" finished-at="2022-03-04T07:25:05 PST" duration-ms="17247" status="PASS">
          <reporter-output>
          </reporter-output>
        </test-method> <!-- OpenBrowser -->
        <test-method signature="SigninButton()[pri:0, instance:Grid.FirefoxNode@6c40365c]" started-at="2022-03-04T07:25:05 PST" name="SigninButton" finished-at="2022-03-04T07:25:09 PST" duration-ms="3926" status="PASS">
          <reporter-output>
          </reporter-output>
        </test-method> <!-- SigninButton -->
        <test-method signature="InputValidEmail()[pri:0, instance:Grid.FirefoxNode@6c40365c]" started-at="2022-03-04T07:25:09 PST" name="InputValidEmail" finished-at="2022-03-04T07:25:13 PST" depends-on-methods="Grid.FirefoxNode.SigninButton" duration-ms="4279" status="PASS">
          <reporter-output>
          </reporter-output>
        </test-method> <!-- InputValidEmail -->
        <test-method signature="InputValidPassword()[pri:0, instance:Grid.FirefoxNode@6c40365c]" started-at="2022-03-04T07:25:13 PST" name="InputValidPassword" finished-at="2022-03-04T07:25:23 PST" depends-on-methods="Grid.FirefoxNode.InputValidEmail" duration-ms="9738" status="PASS">
          <reporter-output>
          </reporter-output>
        </test-method> <!-- InputValidPassword -->
        <test-method signature="TestSignout()[pri:0, instance:Grid.FirefoxNode@6c40365c]" started-at="2022-03-04T07:25:23 PST" name="TestSignout" finished-at="2022-03-04T07:25:34 PST" depends-on-methods="Grid.FirefoxNode.InputValidPassword" duration-ms="10379" status="PASS">
          <reporter-output>
          </reporter-output>
        </test-method> <!-- TestSignout -->
        <test-method signature="TestSavedAccount()[pri:0, instance:Grid.FirefoxNode@6c40365c]" started-at="2022-03-04T07:25:34 PST" name="TestSavedAccount" finished-at="2022-03-04T07:25:37 PST" depends-on-methods="Grid.FirefoxNode.TestSignout" duration-ms="3862" status="PASS">
          <reporter-output>
          </reporter-output>
        </test-method> <!-- TestSavedAccount -->
        <test-method signature="InputWrongPassword()[pri:0, instance:Grid.FirefoxNode@6c40365c]" started-at="2022-03-04T07:25:37 PST" name="InputWrongPassword" finished-at="2022-03-04T07:25:43 PST" depends-on-methods="Grid.FirefoxNode.TestSavedAccount" duration-ms="5136" status="PASS">
          <reporter-output>
          </reporter-output>
        </test-method> <!-- InputWrongPassword -->
        <test-method signature="pswrdTestErrorMessage()[pri:0, instance:Grid.FirefoxNode@6c40365c]" started-at="2022-03-04T07:25:43 PST" name="pswrdTestErrorMessage" finished-at="2022-03-04T07:25:45 PST" depends-on-methods="Grid.FirefoxNode.InputWrongPassword" duration-ms="2033" status="PASS">
          <reporter-output>
          </reporter-output>
        </test-method> <!-- pswrdTestErrorMessage -->
        <test-method signature="testUseAnotherAccount()[pri:0, instance:Grid.FirefoxNode@6c40365c]" started-at="2022-03-04T07:25:45 PST" name="testUseAnotherAccount" finished-at="2022-03-04T07:25:52 PST" depends-on-methods="Grid.FirefoxNode.pswrdTestErrorMessage" duration-ms="7024" status="PASS">
          <reporter-output>
          </reporter-output>
        </test-method> <!-- testUseAnotherAccount -->
        <test-method signature="testNonExistentEmail()[pri:0, instance:Grid.FirefoxNode@6c40365c]" started-at="2022-03-04T07:25:52 PST" name="testNonExistentEmail" finished-at="2022-03-04T07:25:56 PST" depends-on-methods="Grid.FirefoxNode.testUseAnotherAccount" duration-ms="4258" status="PASS">
          <reporter-output>
          </reporter-output>
        </test-method> <!-- testNonExistentEmail -->
        <test-method signature="nonexistentErrorMessage()[pri:0, instance:Grid.FirefoxNode@6c40365c]" started-at="2022-03-04T07:25:56 PST" name="nonexistentErrorMessage" finished-at="2022-03-04T07:25:58 PST" depends-on-methods="Grid.FirefoxNode.testNonExistentEmail" duration-ms="2023" status="PASS">
          <reporter-output>
          </reporter-output>
        </test-method> <!-- nonexistentErrorMessage -->
        <test-method signature="testonlyUsername()[pri:0, instance:Grid.FirefoxNode@6c40365c]" started-at="2022-03-04T07:25:58 PST" name="testonlyUsername" finished-at="2022-03-04T07:26:04 PST" depends-on-methods="Grid.FirefoxNode.nonexistentErrorMessage" duration-ms="6310" status="PASS">
          <reporter-output>
          </reporter-output>
        </test-method> <!-- testonlyUsername -->
        <test-method is-config="true" signature="CloseBrowser()[pri:0, instance:Grid.FirefoxNode@6c40365c]" started-at="2022-03-04T07:26:04 PST" name="CloseBrowser" finished-at="2022-03-04T07:26:05 PST" duration-ms="844" status="PASS">
          <reporter-output>
          </reporter-output>
        </test-method> <!-- CloseBrowser -->
      </class> <!-- Grid.FirefoxNode -->
    </test> <!-- Test Node2 -->
  </suite> <!-- Test Grid -->
</testng-results>
