<?xml version="1.0" encoding="UTF-8"?>
<!-- Generated by org.testng.reporters.JUnitXMLReporter -->
<testsuite ignored="0" hostname="DESKTOP-KML9RV5" failures="0" tests="11" name="Test Node1" time="71.519" errors="0" timestamp="2022-03-04T07:26:00 PST">
  <testcase classname="Grid.ChromeNode" name="SigninButton" time="5.797"/>
  <testcase classname="Grid.ChromeNode" name="InputValidEmail" time="4.158"/>
  <testcase classname="Grid.ChromeNode" name="InputValidPassword" time="7.916"/>
  <testcase classname="Grid.ChromeNode" name="TestSignout" time="11.73"/>
  <testcase classname="Grid.ChromeNode" name="TestSavedAccount" time="3.783"/>
  <testcase classname="Grid.ChromeNode" name="InputWrongPassword" time="5.515"/>
  <testcase classname="Grid.ChromeNode" name="pswrdTestErrorMessage" time="2.029"/>
  <testcase classname="Grid.ChromeNode" name="testUseAnotherAccount" time="6.125"/>
  <testcase classname="Grid.ChromeNode" name="testNonExistentEmail" time="4.137"/>
  <testcase classname="Grid.ChromeNode" name="nonexistentErrorMessage" time="2.03"/>
  <testcase classname="Grid.ChromeNode" name="testonlyUsername" time="6.144"/>
</testsuite> <!-- Test Node1 -->
