<?xml version="1.0" encoding="UTF-8"?>
<!-- Generated by org.testng.reporters.JUnitXMLReporter -->
<testsuite ignored="0" hostname="DESKTOP-KML9RV5" failures="0" tests="11" name="Test Node2" time="77.074" errors="0" timestamp="2022-03-04T07:26:05 PST">
  <testcase classname="Grid.FirefoxNode" name="SigninButton" time="3.926"/>
  <testcase classname="Grid.FirefoxNode" name="InputValidEmail" time="4.279"/>
  <testcase classname="Grid.FirefoxNode" name="InputValidPassword" time="9.738"/>
  <testcase classname="Grid.FirefoxNode" name="TestSignout" time="10.379"/>
  <testcase classname="Grid.FirefoxNode" name="TestSavedAccount" time="3.862"/>
  <testcase classname="Grid.FirefoxNode" name="InputWrongPassword" time="5.136"/>
  <testcase classname="Grid.FirefoxNode" name="pswrdTestErrorMessage" time="2.033"/>
  <testcase classname="Grid.FirefoxNode" name="testUseAnotherAccount" time="7.024"/>
  <testcase classname="Grid.FirefoxNode" name="testNonExistentEmail" time="4.258"/>
  <testcase classname="Grid.FirefoxNode" name="nonexistentErrorMessage" time="2.023"/>
  <testcase classname="Grid.FirefoxNode" name="testonlyUsername" time="6.31"/>
</testsuite> <!-- Test Node2 -->
